<?xml version="1.0" encoding="UTF-8"?>
<!-- Generated by org.testng.reporters.JUnitXMLReporter -->
<testsuite hostname="YUGENSYSDEV-15" name="Paradigm Application Automation Testing" tests="4" failures="0" timestamp="1 May 2019 09:14:29 GMT" time="108.387" errors="0">
  <testcase name="Verify_Url" time="0.028" classname="com.Test.PageTest.HomepageTest"/>
  <testcase name="Verify_Login" time="5.397" classname="com.Test.PageTest.HomepageTest"/>
  <testcase name="Verify_Title" time="0.007" classname="com.Test.PageTest.HomepageTest"/>
  <testcase name="Verify_Logout" time="23.976" classname="com.Test.PageTest.HomepageTest"/>
</testsuite> <!-- Paradigm Application Automation Testing -->
