<?xml version="1.0" encoding="UTF-8"?>
<!-- Generated by org.testng.reporters.JUnitXMLReporter -->
<testsuite hostname="YUGENSYSDEV-15" name="Paradigm Application Automation Testing" tests="4" failures="0" timestamp="1 May 2019 06:09:03 GMT" time="110.07" errors="0">
  <testcase name="Verify_Url" time="0.025" classname="com.Test.PageTest.HomepageTest"/>
  <testcase name="Verify_Login" time="5.445" classname="com.Test.PageTest.HomepageTest"/>
  <testcase name="Verify_Title" time="0.015" classname="com.Test.PageTest.HomepageTest"/>
  <testcase name="Verify_Logout" time="24.562" classname="com.Test.PageTest.HomepageTest"/>
</testsuite> <!-- Paradigm Application Automation Testing -->
