<?xml version="1.0" encoding="UTF-8"?>
<!-- Generated by org.testng.reporters.JUnitXMLReporter -->
<testsuite hostname="YUGENSYSDEV-15" name="Test" tests="3" failures="0" timestamp="29 Apr 2019 10:06:20 GMT" time="58.774" errors="0">
  <testcase name="Url" time="0.033" classname="com.Test.PageTest.HomepageTest"/>
  <testcase name="login" time="0.415" classname="com.Test.PageTest.HomepageTest"/>
  <testcase name="Title" time="0.006" classname="com.Test.PageTest.HomepageTest"/>
</testsuite> <!-- Test -->
