<?xml version="1.0" encoding="UTF-8"?>
<!-- Generated by org.testng.reporters.JUnitXMLReporter -->
<testsuite hostname="YUGENSYSDEV-15" name="Test" tests="4" failures="0" timestamp="1 May 2019 04:53:45 GMT" time="113.554" errors="0">
  <testcase name="Verify_Url" time="0.03" classname="com.Test.PageTest.HomepageTest"/>
  <testcase name="Verify_Login" time="5.414" classname="com.Test.PageTest.HomepageTest"/>
  <testcase name="Verify_Title" time="0.009" classname="com.Test.PageTest.HomepageTest"/>
  <testcase name="Verify_Logout" time="24.144" classname="com.Test.PageTest.HomepageTest"/>
</testsuite> <!-- Test -->
