<?xml version="1.0" encoding="UTF-8"?>
<testng-results skipped="0" failed="0" ignored="0" total="4" passed="4">
  <reporter-output>
  </reporter-output>
  <suite name="com.Test.PageTest.HomepageTest" duration-ms="113037" started-at="2019-04-30T10:51:20Z" finished-at="2019-04-30T10:53:13Z">
    <groups>
    </groups>
    <test name="Command line test" duration-ms="113037" started-at="2019-04-30T10:51:20Z" finished-at="2019-04-30T10:53:13Z">
      <class name="com.Test.PageTest.HomepageTest">
        <test-method status="PASS" signature="Start()[pri:0, instance:com.Test.PageTest.HomepageTest@79b4d0f]" name="Start" is-config="true" duration-ms="17288" started-at="2019-04-30T10:51:20Z" finished-at="2019-04-30T10:51:38Z">
          <reporter-output>
          </reporter-output>
        </test-method> <!-- Start -->
        <test-method status="PASS" signature="Url()[pri:1, instance:com.Test.PageTest.HomepageTest@79b4d0f]" name="Url" duration-ms="25" started-at="2019-04-30T10:51:38Z" finished-at="2019-04-30T10:51:38Z">
          <reporter-output>
          </reporter-output>
        </test-method> <!-- Url -->
        <test-method status="PASS" signature="Close()[pri:0, instance:com.Test.PageTest.HomepageTest@79b4d0f]" name="Close" is-config="true" duration-ms="4207" started-at="2019-04-30T10:51:38Z" finished-at="2019-04-30T10:51:42Z">
          <reporter-output>
          </reporter-output>
        </test-method> <!-- Close -->
        <test-method status="PASS" signature="Start()[pri:0, instance:com.Test.PageTest.HomepageTest@79b4d0f]" name="Start" is-config="true" duration-ms="15829" started-at="2019-04-30T10:51:42Z" finished-at="2019-04-30T10:51:58Z">
          <reporter-output>
          </reporter-output>
        </test-method> <!-- Start -->
        <test-method status="PASS" signature="Login()[pri:2, instance:com.Test.PageTest.HomepageTest@79b4d0f]" name="Login" duration-ms="5929" started-at="2019-04-30T10:51:58Z" finished-at="2019-04-30T10:52:04Z">
          <reporter-output>
          </reporter-output>
        </test-method> <!-- Login -->
        <test-method status="PASS" signature="Close()[pri:0, instance:com.Test.PageTest.HomepageTest@79b4d0f]" name="Close" is-config="true" duration-ms="4199" started-at="2019-04-30T10:52:04Z" finished-at="2019-04-30T10:52:08Z">
          <reporter-output>
          </reporter-output>
        </test-method> <!-- Close -->
        <test-method status="PASS" signature="Start()[pri:0, instance:com.Test.PageTest.HomepageTest@79b4d0f]" name="Start" is-config="true" duration-ms="16068" started-at="2019-04-30T10:52:08Z" finished-at="2019-04-30T10:52:24Z">
          <reporter-output>
          </reporter-output>
        </test-method> <!-- Start -->
        <test-method status="PASS" signature="Title()[pri:3, instance:com.Test.PageTest.HomepageTest@79b4d0f]" name="Title" duration-ms="7" started-at="2019-04-30T10:52:24Z" finished-at="2019-04-30T10:52:24Z">
          <reporter-output>
          </reporter-output>
        </test-method> <!-- Title -->
        <test-method status="PASS" signature="Close()[pri:0, instance:com.Test.PageTest.HomepageTest@79b4d0f]" name="Close" is-config="true" duration-ms="4299" started-at="2019-04-30T10:52:24Z" finished-at="2019-04-30T10:52:28Z">
          <reporter-output>
          </reporter-output>
        </test-method> <!-- Close -->
        <test-method status="PASS" signature="Start()[pri:0, instance:com.Test.PageTest.HomepageTest@79b4d0f]" name="Start" is-config="true" duration-ms="16277" started-at="2019-04-30T10:52:28Z" finished-at="2019-04-30T10:52:44Z">
          <reporter-output>
          </reporter-output>
        </test-method> <!-- Start -->
        <test-method status="PASS" signature="Logout()[pri:4, instance:com.Test.PageTest.HomepageTest@79b4d0f]" name="Logout" duration-ms="24534" started-at="2019-04-30T10:52:44Z" finished-at="2019-04-30T10:53:09Z">
          <reporter-output>
          </reporter-output>
        </test-method> <!-- Logout -->
        <test-method status="PASS" signature="Close()[pri:0, instance:com.Test.PageTest.HomepageTest@79b4d0f]" name="Close" is-config="true" duration-ms="4354" started-at="2019-04-30T10:53:09Z" finished-at="2019-04-30T10:53:13Z">
          <reporter-output>
          </reporter-output>
        </test-method> <!-- Close -->
      </class> <!-- com.Test.PageTest.HomepageTest -->
    </test> <!-- Command line test -->
  </suite> <!-- com.Test.PageTest.HomepageTest -->
</testng-results>
