<?xml version="1.0" encoding="UTF-8"?>
<!-- Generated by org.testng.reporters.JUnitXMLReporter -->
<testsuite hostname="YUGENSYSDEV-15" ignored="0" name="Command line test" tests="4" failures="0" timestamp="30 Apr 2019 10:53:13 GMT" time="113.037" errors="0">
  <testcase name="Url" time="0.025" classname="com.Test.PageTest.HomepageTest"/>
  <testcase name="Login" time="5.929" classname="com.Test.PageTest.HomepageTest"/>
  <testcase name="Title" time="0.007" classname="com.Test.PageTest.HomepageTest"/>
  <testcase name="Logout" time="24.534" classname="com.Test.PageTest.HomepageTest"/>
</testsuite> <!-- Command line test -->
