<?xml version="1.0" encoding="UTF-8"?>
<!-- Generated by org.testng.reporters.JUnitXMLReporter -->
<testsuite hostname="YUGENSYSDEV-15" ignored="0" name="Command line test" tests="3" failures="0" timestamp="29 Apr 2019 05:31:32 GMT" time="54.219" errors="0">
  <testcase name="Url" time="0.031" classname="com.Test.PageTest.HomepageTest"/>
  <testcase name="login" time="0.437" classname="com.Test.PageTest.HomepageTest"/>
  <testcase name="Title" time="0.0" classname="com.Test.PageTest.HomepageTest"/>
</testsuite> <!-- Command line test -->
