<?xml version="1.0" encoding="UTF-8"?>
<testng-results skipped="0" failed="0" total="3" passed="3">
  <reporter-output>
  </reporter-output>
  <suite name="Suite" duration-ms="1780" started-at="2019-04-29T13:31:55Z" finished-at="2019-04-29T13:31:56Z">
    <groups>
    </groups>
    <test name="Test" duration-ms="1780" started-at="2019-04-29T13:31:55Z" finished-at="2019-04-29T13:31:56Z">
      <class name="com.Test.PageTest.HomepageTest">
        <test-method status="PASS" signature="Start()[pri:0, instance:com.Test.PageTest.HomepageTest@c818063]" name="Start" is-config="true" duration-ms="17901" started-at="2019-04-29T19:01:37Z" finished-at="2019-04-29T19:01:55Z">
          <reporter-output>
          </reporter-output>
        </test-method> <!-- Start -->
        <test-method status="PASS" signature="Url()[pri:1, instance:com.Test.PageTest.HomepageTest@c818063]" name="Url" duration-ms="38" started-at="2019-04-29T19:01:55Z" finished-at="2019-04-29T19:01:55Z">
          <reporter-output>
          </reporter-output>
        </test-method> <!-- Url -->
        <test-method status="PASS" signature="login()[pri:2, instance:com.Test.PageTest.HomepageTest@c818063]" name="login" duration-ms="443" started-at="2019-04-29T19:01:55Z" finished-at="2019-04-29T19:01:55Z">
          <reporter-output>
          </reporter-output>
        </test-method> <!-- login -->
        <test-method status="PASS" signature="Title()[pri:3, instance:com.Test.PageTest.HomepageTest@c818063]" name="Title" duration-ms="12" started-at="2019-04-29T19:01:55Z" finished-at="2019-04-29T19:01:55Z">
          <reporter-output>
          </reporter-output>
        </test-method> <!-- Title -->
        <test-method status="PASS" signature="Close()[pri:0, instance:com.Test.PageTest.HomepageTest@c818063]" name="Close" is-config="true" duration-ms="1285" started-at="2019-04-29T19:01:55Z" finished-at="2019-04-29T19:01:56Z">
          <reporter-output>
          </reporter-output>
        </test-method> <!-- Close -->
      </class> <!-- com.Test.PageTest.HomepageTest -->
    </test> <!-- Test -->
  </suite> <!-- Suite -->
</testng-results>
