<?xml version="1.0" encoding="UTF-8"?>
<testng-results skipped="0" failed="0" total="3" passed="3">
  <reporter-output>
  </reporter-output>
  <suite name="Default suite" duration-ms="59555" started-at="2019-04-29T05:35:38Z" finished-at="2019-04-29T05:36:38Z">
    <groups>
    </groups>
    <test name="Default test" duration-ms="59555" started-at="2019-04-29T05:35:38Z" finished-at="2019-04-29T05:36:38Z">
      <class name="com.Test.PageTest.HomepageTest">
        <test-method status="PASS" signature="Start()[pri:0, instance:com.Test.PageTest.HomepageTest@649d209a]" name="Start" is-config="true" duration-ms="21722" started-at="2019-04-29T11:05:38Z" finished-at="2019-04-29T11:06:00Z">
          <reporter-output>
          </reporter-output>
        </test-method> <!-- Start -->
        <test-method status="PASS" signature="Url()[pri:1, instance:com.Test.PageTest.HomepageTest@649d209a]" name="Url" duration-ms="16" started-at="2019-04-29T11:06:00Z" finished-at="2019-04-29T11:06:00Z">
          <reporter-output>
          </reporter-output>
        </test-method> <!-- Url -->
        <test-method status="PASS" signature="Close()[pri:0, instance:com.Test.PageTest.HomepageTest@649d209a]" name="Close" is-config="true" duration-ms="1288" started-at="2019-04-29T11:06:00Z" finished-at="2019-04-29T11:06:01Z">
          <reporter-output>
          </reporter-output>
        </test-method> <!-- Close -->
        <test-method status="PASS" signature="Start()[pri:0, instance:com.Test.PageTest.HomepageTest@649d209a]" name="Start" is-config="true" duration-ms="16514" started-at="2019-04-29T11:06:01Z" finished-at="2019-04-29T11:06:18Z">
          <reporter-output>
          </reporter-output>
        </test-method> <!-- Start -->
        <test-method status="PASS" signature="login()[pri:2, instance:com.Test.PageTest.HomepageTest@649d209a]" name="login" duration-ms="438" started-at="2019-04-29T11:06:18Z" finished-at="2019-04-29T11:06:18Z">
          <reporter-output>
          </reporter-output>
        </test-method> <!-- login -->
        <test-method status="PASS" signature="Close()[pri:0, instance:com.Test.PageTest.HomepageTest@649d209a]" name="Close" is-config="true" duration-ms="1324" started-at="2019-04-29T11:06:18Z" finished-at="2019-04-29T11:06:20Z">
          <reporter-output>
          </reporter-output>
        </test-method> <!-- Close -->
        <test-method status="PASS" signature="Start()[pri:0, instance:com.Test.PageTest.HomepageTest@649d209a]" name="Start" is-config="true" duration-ms="16941" started-at="2019-04-29T11:06:20Z" finished-at="2019-04-29T11:06:37Z">
          <reporter-output>
          </reporter-output>
        </test-method> <!-- Start -->
        <test-method status="PASS" signature="Title()[pri:3, instance:com.Test.PageTest.HomepageTest@649d209a]" name="Title" duration-ms="0" started-at="2019-04-29T11:06:37Z" finished-at="2019-04-29T11:06:37Z">
          <reporter-output>
          </reporter-output>
        </test-method> <!-- Title -->
        <test-method status="PASS" signature="Close()[pri:0, instance:com.Test.PageTest.HomepageTest@649d209a]" name="Close" is-config="true" duration-ms="1272" started-at="2019-04-29T11:06:37Z" finished-at="2019-04-29T11:06:38Z">
          <reporter-output>
          </reporter-output>
        </test-method> <!-- Close -->
      </class> <!-- com.Test.PageTest.HomepageTest -->
    </test> <!-- Default test -->
  </suite> <!-- Default suite -->
</testng-results>
